# JRE version: OpenJDK Runtime Environment (8.0_242) (build 1.8.0_242-release-1644-b3-6915495)
# Java VM: OpenJDK 64-Bit Server VM (25.242-b3-6915495 mixed mode bsd-amd64 compressed oops)
Heap:
 PSYoungGen      total 1028096K, used 89716K [0x000000076ab00000, 0x00000007bf180000, 0x00000007c0000000)
  eden space 937984K, 0% used [0x000000076ab00000,0x000000076ab00000,0x00000007a3f00000)
  from space 90112K, 99% used [0x00000007a3f00000,0x00000007a969d2d8,0x00000007a9700000)
  to   space 218112K, 0% used [0x00000007b1c80000,0x00000007b1c80000,0x00000007bf180000)
 ParOldGen       total 917504K, used 831755K [0x00000006c0000000, 0x00000006f8000000, 0x000000076ab00000)
  object space 917504K, 90% used [0x00000006c0000000,0x00000006f2c42c18,0x00000006f8000000)
 Metaspace       used 171001K, capacity 189700K, committed 190100K, reserved 1214464K
  class space    used 21600K, capacity 25806K, committed 26044K, reserved 1048576K
GC Heap History (10 events):
Event: 2052.521 GC heap after
Heap after GC invocations=87 (full 12):
 PSYoungGen      total 1187328K, used 0K [0x000000076ab00000, 0x00000007c0000000, 0x00000007c0000000)
  eden space 976896K, 0% used [0x000000076ab00000,0x000000076ab00000,0x00000007a6500000)
  from space 210432K, 0% used [0x00000007a6500000,0x00000007a6500000,0x00000007b3280000)
  to   space 207360K, 0% used [0x00000007b3580000,0x00000007b3580000,0x00000007c0000000)
 ParOldGen       total 917504K, used 514497K [0x00000006c0000000, 0x00000006f8000000, 0x000000076ab00000)
  object space 917504K, 56% used [0x00000006c0000000,0x00000006df670520,0x00000006f8000000)
 Metaspace       used 157507K, capacity 174756K, committed 175252K, reserved 1200128K
  class space    used 19761K, capacity 23677K, committed 23996K, reserved 1048576K
}
Event: 2156.777 GC heap before
{Heap before GC invocations=88 (full 12):
 PSYoungGen      total 1187328K, used 976896K [0x000000076ab00000, 0x00000007c0000000, 0x00000007c0000000)
  eden space 976896K, 100% used [0x000000076ab00000,0x00000007a6500000,0x00000007a6500000)
  from space 210432K, 0% used [0x00000007a6500000,0x00000007a6500000,0x00000007b3280000)
  to   space 207360K, 0% used [0x00000007b3580000,0x00000007b3580000,0x00000007c0000000)
 ParOldGen       total 917504K, used 514497K [0x00000006c0000000, 0x00000006f8000000, 0x000000076ab00000)
  object space 917504K, 56% used [0x00000006c0000000,0x00000006df670520,0x00000006f8000000)
 Metaspace       used 157838K, capacity 175164K, committed 175508K, reserved 1200128K
  class space    used 19799K, capacity 23729K, committed 23996K, reserved 1048576K
Event: 2157.145 GC heap after
Heap after GC invocations=88 (full 12):
 PSYoungGen      total 1181184K, used 32481K [0x000000076ab00000, 0x00000007bfa00000, 0x00000007c0000000)
  eden space 979968K, 0% used [0x000000076ab00000,0x000000076ab00000,0x00000007a6800000)
  from space 201216K, 16% used [0x00000007b3580000,0x00000007b55387e8,0x00000007bfa00000)
  to   space 205824K, 0% used [0x00000007a6800000,0x00000007a6800000,0x00000007b3100000)
 ParOldGen       total 917504K, used 514505K [0x00000006c0000000, 0x00000006f8000000, 0x000000076ab00000)
  object space 917504K, 56% used [0x00000006c0000000,0x00000006df672520,0x00000006f8000000)
 Metaspace       used 157838K, capacity 175164K, committed 175508K, reserved 1200128K
  class space    used 19799K, capacity 23729K, committed 23996K, reserved 1048576K
}
Event: 2164.714 GC heap before
{Heap before GC invocations=89 (full 12):
 PSYoungGen      total 1181184K, used 1012449K [0x000000076ab00000, 0x00000007bfa00000, 0x00000007c0000000)
  eden space 979968K, 100% used [0x000000076ab00000,0x00000007a6800000,0x00000007a6800000)
  from space 201216K, 16% used [0x00000007b3580000,0x00000007b55387e8,0x00000007bfa00000)
  to   space 205824K, 0% used [0x00000007a6800000,0x00000007a6800000,0x00000007b3100000)
 ParOldGen       total 917504K, used 514505K [0x00000006c0000000, 0x00000006f8000000, 0x000000076ab00000)
  object space 917504K, 56% used [0x00000006c0000000,0x00000006df672520,0x00000006f8000000)
 Metaspace       used 157958K, capacity 175282K, committed 175764K, reserved 1202176K
  class space    used 19804K, capacity 23738K, committed 23996K, reserved 1048576K
Event: 2165.367 GC heap after
Heap after GC invocations=89 (full 12):
 PSYoungGen      total 1139200K, used 158864K [0x000000076ab00000, 0x00000007c0000000, 0x00000007c0000000)
  eden space 979968K, 0% used [0x000000076ab00000,0x000000076ab00000,0x00000007a6800000)
  from space 159232K, 99% used [0x00000007a6800000,0x00000007b0324060,0x00000007b0380000)
  to   space 221184K, 0% used [0x00000007b2800000,0x00000007b2800000,0x00000007c0000000)
 ParOldGen       total 917504K, used 542846K [0x00000006c0000000, 0x00000006f8000000, 0x000000076ab00000)
  object space 917504K, 59% used [0x00000006c0000000,0x00000006e121f968,0x00000006f8000000)
 Metaspace       used 157958K, capacity 175282K, committed 175764K, reserved 1202176K
  class space    used 19804K, capacity 23738K, committed 23996K, reserved 1048576K
}
Event: 2214.256 GC heap before
{Heap before GC invocations=90 (full 12):
 PSYoungGen      total 1139200K, used 1138832K [0x000000076ab00000, 0x00000007c0000000, 0x00000007c0000000)
  eden space 979968K, 100% used [0x000000076ab00000,0x00000007a6800000,0x00000007a6800000)
  from space 159232K, 99% used [0x00000007a6800000,0x00000007b0324060,0x00000007b0380000)
  to   space 221184K, 0% used [0x00000007b2800000,0x00000007b2800000,0x00000007c0000000)
 ParOldGen       total 917504K, used 542846K [0x00000006c0000000, 0x00000006f8000000, 0x000000076ab00000)
  object space 917504K, 59% used [0x00000006c0000000,0x00000006e121f968,0x00000006f8000000)
 Metaspace       used 158520K, capacity 176044K, committed 176276K, reserved 1202176K
  class space    used 19820K, capacity 23769K, committed 23996K, reserved 1048576K
Event: 2215.166 GC heap after
Heap after GC invocations=90 (full 12):
 PSYoungGen      total 1159168K, used 151548K [0x000000076ab00000, 0x00000007c0000000, 0x00000007c0000000)
  eden space 937984K, 0% used [0x000000076ab00000,0x000000076ab00000,0x00000007a3f00000)
  from space 221184K, 68% used [0x00000007b2800000,0x00000007bbbff0c8,0x00000007c0000000)
  to   space 229888K, 0% used [0x00000007a3f00000,0x00000007a3f00000,0x00000007b1f80000)
 ParOldGen       total 917504K, used 694237K [0x00000006c0000000, 0x00000006f8000000, 0x000000076ab00000)
  object space 917504K, 75% used [0x00000006c0000000,0x00000006ea5f7668,0x00000006f8000000)
 Metaspace       used 158520K, capacity 176044K, committed 176276K, reserved 1202176K
  class space    used 19820K, capacity 23769K, committed 23996K, reserved 1048576K
}
Event: 3771.364 GC heap before
{Heap before GC invocations=91 (full 12):
 PSYoungGen      total 1159168K, used 1089532K [0x000000076ab00000, 0x00000007c0000000, 0x00000007c0000000)
  eden space 937984K, 100% used [0x000000076ab00000,0x00000007a3f00000,0x00000007a3f00000)
  from space 221184K, 68% used [0x00000007b2800000,0x00000007bbbff0c8,0x00000007c0000000)
  to   space 229888K, 0% used [0x00000007a3f00000,0x00000007a3f00000,0x00000007b1f80000)
 ParOldGen       total 917504K, used 694237K [0x00000006c0000000, 0x00000006f8000000, 0x000000076ab00000)
  object space 917504K, 75% used [0x00000006c0000000,0x00000006ea5f7668,0x00000006f8000000)
 Metaspace       used 171001K, capacity 189700K, committed 190100K, reserved 1214464K
  class space    used 21600K, capacity 25806K, committed 26044K, reserved 1048576K
Event: 3781.832 GC heap after
Heap after GC invocations=91 (full 12):
 PSYoungGen      total 1028096K, used 89716K [0x000000076ab00000, 0x00000007bf180000, 0x00000007c0000000)
  eden space 937984K, 0% used [0x000000076ab00000,0x000000076ab00000,0x00000007a3f00000)
  from space 90112K, 99% used [0x00000007a3f00000,0x00000007a969d2d8,0x00000007a9700000)
  to   space 218112K, 0% used [0x00000007b1c80000,0x00000007b1c80000,0x00000007bf180000)
 ParOldGen       total 917504K, used 831755K [0x00000006c0000000, 0x00000006f8000000, 0x000000076ab00000)
  object space 917504K, 90% used [0x00000006c0000000,0x00000006f2c42c18,0x00000006f8000000)
 Metaspace       used 171001K, capacity 189700K, committed 190100K, reserved 1214464K
  class space    used 21600K, capacity 25806K, committed 26044K, reserved 1048576K
}
Event: 3782.049 GC heap before
{Heap before GC invocations=92 (full 13):
 PSYoungGen      total 1028096K, used 89716K [0x000000076ab00000, 0x00000007bf180000, 0x00000007c0000000)
  eden space 937984K, 0% used [0x000000076ab00000,0x000000076ab00000,0x00000007a3f00000)
  from space 90112K, 99% used [0x00000007a3f00000,0x00000007a969d2d8,0x00000007a9700000)
  to   space 218112K, 0% used [0x00000007b1c80000,0x00000007b1c80000,0x00000007bf180000)
 ParOldGen       total 917504K, used 831755K [0x00000006c0000000, 0x00000006f8000000, 0x000000076ab00000)
  object space 917504K, 90% used [0x00000006c0000000,0x00000006f2c42c18,0x00000006f8000000)
 Metaspace       used 171001K, capacity 189700K, committed 190100K, reserved 1214464K
  class space    used 21600K, capacity 25806K, committed 26044K, reserved 1048576K

